Traceback (most recent call last):
  File "Forge.py", line 5, in <module>
    import experiments
  File "/home/vladimirrim98/lawmaker/experiments.py", line 2, in <module>
    from configs import Law, Chaos, Kite
  File "/home/vladimirrim98/lawmaker/configs.py", line 2, in <module>
    from forge.blade.core.config import Config
  File "/home/vladimirrim98/lawmaker/forge/blade/core/__init__.py", line 1, in <module>
    from .env import Env
  File "/home/vladimirrim98/lawmaker/forge/blade/core/env.py", line 6, in <module>
    import numpy as np
ImportError: No module named numpy
2019-03-23 11:38:40,069	INFO node.py:439 -- Process STDOUT and STDERR is being redirected to /tmp/ray/session_2019-03-23_11-38-40_11483/logs.
2019-03-23 11:38:40,218	INFO services.py:364 -- Waiting for redis server at 127.0.0.1:16952 to respond...
2019-03-23 11:38:40,366	INFO services.py:364 -- Waiting for redis server at 127.0.0.1:19217 to respond...
2019-03-23 11:38:40,369	INFO services.py:761 -- Starting Redis shard with 6.32 GB max memory.
2019-03-23 11:38:40,450	INFO services.py:1449 -- Starting the Plasma object store with 9.48 GB memory using /dev/shm.
2019-03-23 11:42:46,579	INFO node.py:439 -- Process STDOUT and STDERR is being redirected to /tmp/ray/session_2019-03-23_11-42-46_11770/logs.
2019-03-23 11:42:46,685	INFO services.py:364 -- Waiting for redis server at 127.0.0.1:50401 to respond...
2019-03-23 11:42:46,797	INFO services.py:364 -- Waiting for redis server at 127.0.0.1:53520 to respond...
2019-03-23 11:42:46,800	INFO services.py:761 -- Starting Redis shard with 6.32 GB max memory.
2019-03-23 11:42:46,813	INFO services.py:1449 -- Starting the Plasma object store with 9.48 GB memory using /dev/shm.
testlaw128 , NENT:  128 , NPOP:  8
testchaos128 , NENT:  128 , NPOP:  8
exploreIntensifies , NENT:  128 , NPOP:  8
Initializing new model...
Loading model...
#Params:  1484.264 K
[2m[36m(pid=11804)[0m pygame 1.9.4
[2m[36m(pid=11804)[0m Hello from the pygame community. https://www.pygame.org/contribute.html
[2m[36m(pid=11798)[0m pygame 1.9.4
[2m[36m(pid=11798)[0m Hello from the pygame community. https://www.pygame.org/contribute.html
[2m[36m(pid=11803)[0m pygame 1.9.4
[2m[36m(pid=11803)[0m Hello from the pygame community. https://www.pygame.org/contribute.html
[2m[36m(pid=11802)[0m pygame 1.9.4
[2m[36m(pid=11802)[0m Hello from the pygame community. https://www.pygame.org/contribute.html
[2m[36m(pid=11801)[0m pygame 1.9.4
[2m[36m(pid=11801)[0m Hello from the pygame community. https://www.pygame.org/contribute.html
[2m[36m(pid=11805)[0m pygame 1.9.4
[2m[36m(pid=11805)[0m Hello from the pygame community. https://www.pygame.org/contribute.html
[2m[36m(pid=11800)[0m pygame 1.9.4
[2m[36m(pid=11800)[0m Hello from the pygame community. https://www.pygame.org/contribute.html
[2m[36m(pid=11799)[0m pygame 1.9.4
[2m[36m(pid=11799)[0m Hello from the pygame community. https://www.pygame.org/contribute.html
Tick:  1 , Time:  35.88 , Lifetime:  41.09 , Best:  41.09
Tick:  2 , Time:  30.50 , Lifetime:  48.79 , Best:  48.79
Tick:  3 , Time:  30.68 , Lifetime:  47.46 , Best:  48.79
Tick:  4 , Time:  31.70 , Lifetime:  47.25 , Best:  48.79
Tick:  5 , Time:  30.56 , Lifetime:  47.77 , Best:  48.79
Tick:  6 , Time:  30.65 , Lifetime:  48.14 , Best:  48.79
Tick:  7 , Time:  30.40 , Lifetime:  50.65 , Best:  50.65
Tick:  8 , Time:  30.27 , Lifetime:  49.10 , Best:  50.65
Tick:  9 , Time:  30.73 , Lifetime:  49.55 , Best:  50.65
Tick:  10 , Time:  31.56 , Lifetime:  46.82 , Best:  50.65
Tick:  11 , Time:  31.78 , Lifetime:  48.58 , Best:  50.65
Tick:  12 , Time:  31.29 , Lifetime:  49.18 , Best:  50.65
Tick:  13 , Time:  30.67 , Lifetime:  49.91 , Best:  50.65
Tick:  14 , Time:  31.45 , Lifetime:  50.71 , Best:  50.71
Tick:  15 , Time:  30.20 , Lifetime:  49.67 , Best:  50.71
Tick:  16 , Time:  30.47 , Lifetime:  47.35 , Best:  50.71
Tick:  17 , Time:  30.68 , Lifetime:  49.31 , Best:  50.71
Tick:  18 , Time:  30.50 , Lifetime:  49.12 , Best:  50.71
Tick:  19 , Time:  31.40 , Lifetime:  49.78 , Best:  50.71
Tick:  20 , Time:  32.20 , Lifetime:  48.41 , Best:  50.71
Tick:  21 , Time:  30.90 , Lifetime:  50.36 , Best:  50.71
Tick:  22 , Time:  30.72 , Lifetime:  48.33 , Best:  50.71
Tick:  23 , Time:  30.46 , Lifetime:  47.66 , Best:  50.71
Tick:  24 , Time:  31.85 , Lifetime:  48.89 , Best:  50.71
Tick:  25 , Time:  30.85 , Lifetime:  50.02 , Best:  50.71
Tick:  26 , Time:  30.70 , Lifetime:  47.77 , Best:  50.71
Tick:  27 , Time:  30.77 , Lifetime:  48.55 , Best:  50.71
Tick:  28 , Time:  31.79 , Lifetime:  48.10 , Best:  50.71
Tick:  29 , Time:  29.53 , Lifetime:  49.96 , Best:  50.71
Tick:  30 , Time:  33.72 , Lifetime:  47.36 , Best:  50.71
Tick:  31 , Time:  31.42 , Lifetime:  51.56 , Best:  51.56
Tick:  32 , Time:  30.87 , Lifetime:  48.45 , Best:  51.56
Clearing ray buffers...
Deleted 0 task keys from Redis.
Deleted 0 object info keys from Redis.
Deleted 0 object location keys from Redis.
Deleted 0 log files from Redis.
Deleted 0 event logs from Redis.
Done. Free time:  0.03906059265136719
Tick:  33 , Time:  31.39 , Lifetime:  48.54 , Best:  51.56
Tick:  34 , Time:  31.29 , Lifetime:  49.43 , Best:  51.56
Tick:  35 , Time:  31.60 , Lifetime:  47.48 , Best:  51.56
Tick:  36 , Time:  30.37 , Lifetime:  49.33 , Best:  51.56
Tick:  37 , Time:  30.72 , Lifetime:  47.97 , Best:  51.56
Tick:  38 , Time:  30.64 , Lifetime:  47.24 , Best:  51.56
Tick:  39 , Time:  30.96 , Lifetime:  46.75 , Best:  51.56
Tick:  40 , Time:  31.49 , Lifetime:  46.97 , Best:  51.56
Tick:  41 , Time:  30.65 , Lifetime:  51.53 , Best:  51.56
Tick:  42 , Time:  30.43 , Lifetime:  50.27 , Best:  51.56
Tick:  43 , Time:  31.56 , Lifetime:  47.64 , Best:  51.56
Tick:  44 , Time:  30.67 , Lifetime:  47.44 , Best:  51.56
Tick:  45 , Time:  31.07 , Lifetime:  47.87 , Best:  51.56
Tick:  46 , Time:  29.87 , Lifetime:  49.77 , Best:  51.56
Tick:  47 , Time:  30.73 , Lifetime:  47.51 , Best:  51.56
Tick:  48 , Time:  30.61 , Lifetime:  48.54 , Best:  51.56
Tick:  49 , Time:  30.43 , Lifetime:  49.38 , Best:  51.56
Tick:  50 , Time:  30.48 , Lifetime:  49.01 , Best:  51.56
Tick:  51 , Time:  30.40 , Lifetime:  46.91 , Best:  51.56
Tick:  52 , Time:  29.91 , Lifetime:  47.56 , Best:  51.56
Tick:  53 , Time:  30.76 , Lifetime:  46.87 , Best:  51.56
Tick:  54 , Time:  30.74 , Lifetime:  47.21 , Best:  51.56
Tick:  55 , Time:  30.89 , Lifetime:  47.06 , Best:  51.56
Tick:  56 , Time:  29.93 , Lifetime:  47.27 , Best:  51.56
Tick:  57 , Time:  31.76 , Lifetime:  47.46 , Best:  51.56
Tick:  58 , Time:  30.41 , Lifetime:  45.87 , Best:  51.56
Tick:  59 , Time:  32.03 , Lifetime:  47.58 , Best:  51.56
Tick:  60 , Time:  30.95 , Lifetime:  48.96 , Best:  51.56
Tick:  61 , Time:  30.09 , Lifetime:  48.75 , Best:  51.56
Tick:  62 , Time:  30.30 , Lifetime:  48.04 , Best:  51.56
Tick:  63 , Time:  31.52 , Lifetime:  48.11 , Best:  51.56
Tick:  64 , Time:  29.48 , Lifetime:  50.12 , Best:  51.56
Clearing ray buffers...
Deleted 0 task keys from Redis.
Deleted 0 object info keys from Redis.
Deleted 0 object location keys from Redis.
Deleted 0 log files from Redis.
Deleted 0 event logs from Redis.
Done. Free time:  0.07015824317932129
Tick:  65 , Time:  32.04 , Lifetime:  47.10 , Best:  51.56
Tick:  66 , Time:  30.92 , Lifetime:  51.21 , Best:  51.56
Tick:  67 , Time:  30.94 , Lifetime:  49.14 , Best:  51.56
Tick:  68 , Time:  31.02 , Lifetime:  49.23 , Best:  51.56
Tick:  69 , Time:  30.39 , Lifetime:  47.79 , Best:  51.56
Tick:  70 , Time:  30.35 , Lifetime:  49.39 , Best:  51.56
Tick:  71 , Time:  30.77 , Lifetime:  48.71 , Best:  51.56
Tick:  72 , Time:  30.30 , Lifetime:  49.59 , Best:  51.56
Tick:  73 , Time:  31.67 , Lifetime:  48.88 , Best:  51.56
Tick:  74 , Time:  29.63 , Lifetime:  49.86 , Best:  51.56
Tick:  75 , Time:  32.14 , Lifetime:  47.52 , Best:  51.56
Tick:  76 , Time:  30.09 , Lifetime:  48.07 , Best:  51.56
Tick:  77 , Time:  30.70 , Lifetime:  48.99 , Best:  51.56
Tick:  78 , Time:  31.32 , Lifetime:  48.72 , Best:  51.56
Tick:  79 , Time:  30.32 , Lifetime:  46.91 , Best:  51.56
Tick:  80 , Time:  31.94 , Lifetime:  47.14 , Best:  51.56
Tick:  81 , Time:  30.12 , Lifetime:  51.45 , Best:  51.56
Tick:  82 , Time:  31.35 , Lifetime:  50.41 , Best:  51.56
Tick:  83 , Time:  31.18 , Lifetime:  48.90 , Best:  51.56
Tick:  84 , Time:  30.77 , Lifetime:  51.68 , Best:  51.68
Tick:  85 , Time:  30.59 , Lifetime:  50.11 , Best:  51.68
Tick:  86 , Time:  30.22 , Lifetime:  51.98 , Best:  51.98
Tick:  87 , Time:  31.22 , Lifetime:  47.92 , Best:  51.98
Tick:  88 , Time:  30.78 , Lifetime:  49.09 , Best:  51.98
Tick:  89 , Time:  30.75 , Lifetime:  49.33 , Best:  51.98
Tick:  90 , Time:  30.99 , Lifetime:  50.77 , Best:  51.98
Tick:  91 , Time:  30.53 , Lifetime:  50.08 , Best:  51.98
Tick:  92 , Time:  31.71 , Lifetime:  47.26 , Best:  51.98
Tick:  93 , Time:  31.44 , Lifetime:  49.38 , Best:  51.98
Tick:  94 , Time:  30.65 , Lifetime:  48.56 , Best:  51.98
Tick:  95 , Time:  31.60 , Lifetime:  48.25 , Best:  51.98
Tick:  96 , Time:  30.66 , Lifetime:  48.95 , Best:  51.98
Clearing ray buffers...
Deleted 0 task keys from Redis.
Deleted 0 object info keys from Redis.
Deleted 0 object location keys from Redis.
Deleted 0 log files from Redis.
Deleted 0 event logs from Redis.
Done. Free time:  0.0926811695098877
Tick:  97 , Time:  31.22 , Lifetime:  48.35 , Best:  51.98
Tick:  98 , Time:  30.09 , Lifetime:  50.58 , Best:  51.98
Tick:  99 , Time:  30.50 , Lifetime:  50.39 , Best:  51.98
Tick:  100 , Time:  30.53 , Lifetime:  48.96 , Best:  51.98
Tick:  101 , Time:  30.59 , Lifetime:  51.26 , Best:  51.98
Tick:  102 , Time:  30.30 , Lifetime:  49.34 , Best:  51.98
Tick:  103 , Time:  30.67 , Lifetime:  49.88 , Best:  51.98
Tick:  104 , Time:  29.58 , Lifetime:  48.07 , Best:  51.98
Tick:  105 , Time:  30.71 , Lifetime:  48.20 , Best:  51.98
Tick:  106 , Time:  30.66 , Lifetime:  49.36 , Best:  51.98
Tick:  107 , Time:  30.08 , Lifetime:  46.07 , Best:  51.98
Tick:  108 , Time:  30.76 , Lifetime:  49.21 , Best:  51.98
Tick:  109 , Time:  30.66 , Lifetime:  47.20 , Best:  51.98
Tick:  110 , Time:  32.12 , Lifetime:  49.81 , Best:  51.98
Tick:  111 , Time:  31.21 , Lifetime:  49.40 , Best:  51.98
Tick:  112 , Time:  30.76 , Lifetime:  50.06 , Best:  51.98
Tick:  113 , Time:  30.58 , Lifetime:  51.54 , Best:  51.98
Tick:  114 , Time:  31.35 , Lifetime:  49.32 , Best:  51.98
Tick:  115 , Time:  31.09 , Lifetime:  50.41 , Best:  51.98
Tick:  116 , Time:  31.57 , Lifetime:  49.31 , Best:  51.98
Tick:  117 , Time:  29.87 , Lifetime:  50.19 , Best:  51.98
Tick:  118 , Time:  30.74 , Lifetime:  48.88 , Best:  51.98
Tick:  119 , Time:  31.83 , Lifetime:  49.17 , Best:  51.98
Tick:  120 , Time:  31.22 , Lifetime:  50.94 , Best:  51.98
Tick:  121 , Time:  31.86 , Lifetime:  47.14 , Best:  51.98
Tick:  122 , Time:  30.51 , Lifetime:  49.87 , Best:  51.98
Tick:  123 , Time:  30.63 , Lifetime:  50.23 , Best:  51.98
Tick:  124 , Time:  30.56 , Lifetime:  48.70 , Best:  51.98
Tick:  125 , Time:  31.05 , Lifetime:  48.71 , Best:  51.98
Tick:  126 , Time:  30.07 , Lifetime:  50.45 , Best:  51.98
Tick:  127 , Time:  30.56 , Lifetime:  48.52 , Best:  51.98
Tick:  128 , Time:  31.45 , Lifetime:  49.58 , Best:  51.98
Clearing ray buffers...
Deleted 0 task keys from Redis.
Deleted 0 object info keys from Redis.
Deleted 0 object location keys from Redis.
Deleted 0 log files from Redis.
Deleted 0 event logs from Redis.
Done. Free time:  0.1271364688873291
Tick:  129 , Time:  32.10 , Lifetime:  48.79 , Best:  51.98
Tick:  130 , Time:  31.12 , Lifetime:  48.17 , Best:  51.98
Tick:  131 , Time:  31.29 , Lifetime:  47.97 , Best:  51.98
Tick:  132 , Time:  30.19 , Lifetime:  47.75 , Best:  51.98
Tick:  133 , Time:  32.59 , Lifetime:  48.21 , Best:  51.98
Tick:  134 , Time:  30.36 , Lifetime:  47.98 , Best:  51.98
Tick:  135 , Time:  30.86 , Lifetime:  48.82 , Best:  51.98
Tick:  136 , Time:  30.67 , Lifetime:  49.83 , Best:  51.98
Tick:  137 , Time:  30.63 , Lifetime:  52.02 , Best:  52.02
Tick:  138 , Time:  29.45 , Lifetime:  49.89 , Best:  52.02
Tick:  139 , Time:  30.54 , Lifetime:  48.20 , Best:  52.02
Tick:  140 , Time:  31.46 , Lifetime:  46.97 , Best:  52.02
Tick:  141 , Time:  29.80 , Lifetime:  47.60 , Best:  52.02
Tick:  142 , Time:  30.92 , Lifetime:  47.20 , Best:  52.02
Tick:  143 , Time:  29.73 , Lifetime:  47.61 , Best:  52.02
Tick:  144 , Time:  32.54 , Lifetime:  46.67 , Best:  52.02
Tick:  145 , Time:  31.18 , Lifetime:  50.81 , Best:  52.02
Tick:  146 , Time:  31.01 , Lifetime:  50.02 , Best:  52.02
Tick:  147 , Time:  30.50 , Lifetime:  50.20 , Best:  52.02
Tick:  148 , Time:  30.53 , Lifetime:  48.64 , Best:  52.02
Tick:  149 , Time:  30.93 , Lifetime:  50.46 , Best:  52.02
Tick:  150 , Time:  31.70 , Lifetime:  48.52 , Best:  52.02
Tick:  151 , Time:  30.65 , Lifetime:  48.68 , Best:  52.02
Tick:  152 , Time:  30.81 , Lifetime:  50.18 , Best:  52.02
Tick:  153 , Time:  29.92 , Lifetime:  49.09 , Best:  52.02
Tick:  154 , Time:  31.93 , Lifetime:  48.65 , Best:  52.02
Tick:  155 , Time:  30.41 , Lifetime:  50.89 , Best:  52.02
Tick:  156 , Time:  31.99 , Lifetime:  48.60 , Best:  52.02
Tick:  157 , Time:  31.33 , Lifetime:  48.07 , Best:  52.02
Tick:  158 , Time:  30.75 , Lifetime:  49.69 , Best:  52.02
Tick:  159 , Time:  30.97 , Lifetime:  46.56 , Best:  52.02
Tick:  160 , Time:  31.61 , Lifetime:  49.51 , Best:  52.02
Clearing ray buffers...
Deleted 0 task keys from Redis.
Deleted 0 object info keys from Redis.
Deleted 0 object location keys from Redis.
Deleted 0 log files from Redis.
Deleted 0 event logs from Redis.
Done. Free time:  0.16321873664855957
Tick:  161 , Time:  29.68 , Lifetime:  48.97 , Best:  52.02
Tick:  162 , Time:  31.26 , Lifetime:  48.85 , Best:  52.02
Tick:  163 , Time:  30.64 , Lifetime:  49.19 , Best:  52.02
Tick:  164 , Time:  31.87 , Lifetime:  49.26 , Best:  52.02
Tick:  165 , Time:  30.75 , Lifetime:  50.1 , Best:  52.02
Tick:  166 , Time:  31.96 , Lifetime:  48.89 , Best:  52.02
Tick:  167 , Time:  29.93 , Lifetime:  49.46 , Best:  52.02
Tick:  168 , Time:  31.76 , Lifetime:  48.96 , Best:  52.02
Tick:  169 , Time:  30.60 , Lifetime:  50.81 , Best:  52.02
Tick:  170 , Time:  32.98 , Lifetime:  49.20 , Best:  52.02
Tick:  171 , Time:  29.54 , Lifetime:  49.53 , Best:  52.02
Tick:  172 , Time:  31.09 , Lifetime:  48.58 , Best:  52.02
Tick:  173 , Time:  31.03 , Lifetime:  49.25 , Best:  52.02
Tick:  174 , Time:  30.40 , Lifetime:  49.61 , Best:  52.02
Tick:  175 , Time:  32.83 , Lifetime:  47.86 , Best:  52.02
Tick:  176 , Time:  30.54 , Lifetime:  51.08 , Best:  52.02
Tick:  177 , Time:  30.42 , Lifetime:  46.95 , Best:  52.02
Tick:  178 , Time:  31.14 , Lifetime:  47.93 , Best:  52.02
Tick:  179 , Time:  32.46 , Lifetime:  49.06 , Best:  52.02
Tick:  180 , Time:  30.04 , Lifetime:  49.79 , Best:  52.02
Tick:  181 , Time:  30.91 , Lifetime:  48.60 , Best:  52.02
Tick:  182 , Time:  31.92 , Lifetime:  49.03 , Best:  52.02
Tick:  183 , Time:  30.71 , Lifetime:  52.85 , Best:  52.85
Tick:  184 , Time:  31.11 , Lifetime:  46.65 , Best:  52.85
Tick:  185 , Time:  30.83 , Lifetime:  48.85 , Best:  52.85
Tick:  186 , Time:  32.19 , Lifetime:  50.85 , Best:  52.85
Tick:  187 , Time:  29.86 , Lifetime:  51.37 , Best:  52.85
Tick:  188 , Time:  30.81 , Lifetime:  50.04 , Best:  52.85
Tick:  189 , Time:  32.31 , Lifetime:  52.47 , Best:  52.85
Tick:  190 , Time:  30.46 , Lifetime:  51.47 , Best:  52.85
Tick:  191 , Time:  31.88 , Lifetime:  51.05 , Best:  52.85
Tick:  192 , Time:  30.88 , Lifetime:  50.27 , Best:  52.85
Clearing ray buffers...
Deleted 0 task keys from Redis.
Deleted 0 object info keys from Redis.
Deleted 0 object location keys from Redis.
Deleted 0 log files from Redis.
Deleted 0 event logs from Redis.
Done. Free time:  0.1978743076324463
Tick:  193 , Time:  30.35 , Lifetime:  53.90 , Best:  53.90
Tick:  194 , Time:  30.62 , Lifetime:  51.44 , Best:  53.90
Tick:  195 , Time:  31.92 , Lifetime:  51.93 , Best:  53.90
Tick:  196 , Time:  31.15 , Lifetime:  52.42 , Best:  53.90
Tick:  197 , Time:  30.67 , Lifetime:  50.88 , Best:  53.90
Tick:  198 , Time:  30.49 , Lifetime:  52.57 , Best:  53.90
Tick:  199 , Time:  30.59 , Lifetime:  51.89 , Best:  53.90
Tick:  200 , Time:  29.73 , Lifetime:  51.76 , Best:  53.90
Tick:  201 , Time:  31.44 , Lifetime:  49.62 , Best:  53.90
Tick:  202 , Time:  30.65 , Lifetime:  52.58 , Best:  53.90
Tick:  203 , Time:  31.61 , Lifetime:  51.43 , Best:  53.90
Tick:  204 , Time:  32.25 , Lifetime:  51.08 , Best:  53.90
Tick:  205 , Time:  31.21 , Lifetime:  53.27 , Best:  53.90
Tick:  206 , Time:  31.53 , Lifetime:  53.17 , Best:  53.90
Tick:  207 , Time:  32.34 , Lifetime:  51.96 , Best:  53.90
Tick:  208 , Time:  30.21 , Lifetime:  52.40 , Best:  53.90
Tick:  209 , Time:  31.31 , Lifetime:  50.96 , Best:  53.90
Tick:  210 , Time:  30.16 , Lifetime:  50.00 , Best:  53.90
Tick:  211 , Time:  31.42 , Lifetime:  51.58 , Best:  53.90
Tick:  212 , Time:  31.40 , Lifetime:  53.84 , Best:  53.90
Tick:  213 , Time:  31.69 , Lifetime:  50.91 , Best:  53.90
Tick:  214 , Time:  32.94 , Lifetime:  50.82 , Best:  53.90
Tick:  215 , Time:  30.29 , Lifetime:  51.86 , Best:  53.90
Tick:  216 , Time:  31.69 , Lifetime:  52.34 , Best:  53.90
Tick:  217 , Time:  31.35 , Lifetime:  49.98 , Best:  53.90
Tick:  218 , Time:  29.96 , Lifetime:  54.69 , Best:  54.69
Tick:  219 , Time:  31.77 , Lifetime:  52.46 , Best:  54.69
Tick:  220 , Time:  29.58 , Lifetime:  51.36 , Best:  54.69
Tick:  221 , Time:  30.80 , Lifetime:  50.32 , Best:  54.69
Tick:  222 , Time:  31.20 , Lifetime:  53.73 , Best:  54.69
Tick:  223 , Time:  30.35 , Lifetime:  53.10 , Best:  54.69
Tick:  224 , Time:  30.75 , Lifetime:  50.10 , Best:  54.69
Clearing ray buffers...
Deleted 0 task keys from Redis.
Deleted 0 object info keys from Redis.
Deleted 0 object location keys from Redis.
Deleted 0 log files from Redis.
Deleted 0 event logs from Redis.
Done. Free time:  0.20989561080932617
Tick:  225 , Time:  29.57 , Lifetime:  52.56 , Best:  54.69
Tick:  226 , Time:  32.12 , Lifetime:  49.82 , Best:  54.69
Tick:  227 , Time:  30.54 , Lifetime:  50.42 , Best:  54.69
Tick:  228 , Time:  30.44 , Lifetime:  51.26 , Best:  54.69
Tick:  229 , Time:  31.35 , Lifetime:  51.35 , Best:  54.69
Tick:  230 , Time:  31.09 , Lifetime:  52.75 , Best:  54.69
Tick:  231 , Time:  29.57 , Lifetime:  53.52 , Best:  54.69
Tick:  232 , Time:  33.63 , Lifetime:  52.75 , Best:  54.69
Tick:  233 , Time:  30.03 , Lifetime:  52.44 , Best:  54.69
Tick:  234 , Time:  31.44 , Lifetime:  48.80 , Best:  54.69
Tick:  235 , Time:  30.59 , Lifetime:  53.25 , Best:  54.69
Tick:  236 , Time:  31.39 , Lifetime:  54.31 , Best:  54.69
Tick:  237 , Time:  31.55 , Lifetime:  51.93 , Best:  54.69
Tick:  238 , Time:  29.67 , Lifetime:  52.29 , Best:  54.69
Tick:  239 , Time:  31.92 , Lifetime:  51.68 , Best:  54.69
Tick:  240 , Time:  30.27 , Lifetime:  54.91 , Best:  54.91
Tick:  241 , Time:  29.94 , Lifetime:  52.02 , Best:  54.91
Tick:  242 , Time:  30.63 , Lifetime:  51.74 , Best:  54.91
Tick:  243 , Time:  31.16 , Lifetime:  50.95 , Best:  54.91
Tick:  244 , Time:  29.77 , Lifetime:  52.67 , Best:  54.91
Tick:  245 , Time:  30.90 , Lifetime:  52.06 , Best:  54.91
Tick:  246 , Time:  32.09 , Lifetime:  52.92 , Best:  54.91
Tick:  247 , Time:  30.52 , Lifetime:  53.19 , Best:  54.91
Tick:  248 , Time:  31.58 , Lifetime:  52.09 , Best:  54.91
Tick:  249 , Time:  31.58 , Lifetime:  53.33 , Best:  54.91
Tick:  250 , Time:  29.80 , Lifetime:  50.89 , Best:  54.91
Tick:  251 , Time:  30.84 , Lifetime:  50.91 , Best:  54.91
Tick:  252 , Time:  30.32 , Lifetime:  52.61 , Best:  54.91
Tick:  253 , Time:  30.55 , Lifetime:  50.85 , Best:  54.91
Tick:  254 , Time:  30.60 , Lifetime:  52.81 , Best:  54.91
Tick:  255 , Time:  30.89 , Lifetime:  50.73 , Best:  54.91
Tick:  256 , Time:  31.54 , Lifetime:  50.84 , Best:  54.91
Clearing ray buffers...
Deleted 0 task keys from Redis.
Deleted 0 object info keys from Redis.
Deleted 0 object location keys from Redis.
Deleted 0 log files from Redis.
Deleted 0 event logs from Redis.
Done. Free time:  0.24566149711608887
Tick:  257 , Time:  30.41 , Lifetime:  52.99 , Best:  54.91
Tick:  258 , Time:  29.84 , Lifetime:  50.68 , Best:  54.91
Tick:  259 , Time:  30.61 , Lifetime:  51.11 , Best:  54.91
Tick:  260 , Time:  29.95 , Lifetime:  52.52 , Best:  54.91
Tick:  261 , Time:  30.63 , Lifetime:  50.79 , Best:  54.91
Tick:  262 , Time:  31.22 , Lifetime:  50.60 , Best:  54.91
Tick:  263 , Time:  29.61 , Lifetime:  53.20 , Best:  54.91
Tick:  264 , Time:  30.58 , Lifetime:  52.32 , Best:  54.91
Tick:  265 , Time:  30.56 , Lifetime:  53.47 , Best:  54.91
Tick:  266 , Time:  30.09 , Lifetime:  51.01 , Best:  54.91
Tick:  267 , Time:  31.69 , Lifetime:  50.69 , Best:  54.91
Tick:  268 , Time:  30.21 , Lifetime:  52.18 , Best:  54.91
Tick:  269 , Time:  30.92 , Lifetime:  51.50 , Best:  54.91
Tick:  270 , Time:  29.67 , Lifetime:  52.98 , Best:  54.91
Tick:  271 , Time:  31.58 , Lifetime:  48.58 , Best:  54.91
Tick:  272 , Time:  30.29 , Lifetime:  54.75 , Best:  54.91
Tick:  273 , Time:  31.67 , Lifetime:  50.63 , Best:  54.91
Tick:  274 , Time:  31.55 , Lifetime:  53.23 , Best:  54.91
Tick:  275 , Time:  29.49 , Lifetime:  51.91 , Best:  54.91
Tick:  276 , Time:  30.59 , Lifetime:  50.68 , Best:  54.91
Tick:  277 , Time:  32.08 , Lifetime:  49.34 , Best:  54.91
Tick:  278 , Time:  30.88 , Lifetime:  53.62 , Best:  54.91
Tick:  279 , Time:  30.64 , Lifetime:  55.23 , Best:  55.23
Tick:  280 , Time:  30.54 , Lifetime:  49.21 , Best:  55.23
Tick:  281 , Time:  30.97 , Lifetime:  51.30 , Best:  55.23
Tick:  282 , Time:  30.60 , Lifetime:  49.55 , Best:  55.23
Tick:  283 , Time:  29.92 , Lifetime:  52.53 , Best:  55.23
Tick:  284 , Time:  30.79 , Lifetime:  49.51 , Best:  55.23
Tick:  285 , Time:  31.23 , Lifetime:  49.17 , Best:  55.23
Tick:  286 , Time:  30.61 , Lifetime:  51.74 , Best:  55.23
Tick:  287 , Time:  31.03 , Lifetime:  49.90 , Best:  55.23
Tick:  288 , Time:  31.41 , Lifetime:  50.51 , Best:  55.23
Clearing ray buffers...
Deleted 0 task keys from Redis.
Deleted 0 object info keys from Redis.
Deleted 0 object location keys from Redis.
Deleted 0 log files from Redis.
Deleted 0 event logs from Redis.
Done. Free time:  0.27083444595336914
Tick:  289 , Time:  30.02 , Lifetime:  54.53 , Best:  55.23
Tick:  290 , Time:  30.38 , Lifetime:  50.13 , Best:  55.23
Tick:  291 , Time:  30.82 , Lifetime:  51.76 , Best:  55.23
Tick:  292 , Time:  30.63 , Lifetime:  52.53 , Best:  55.23
Tick:  293 , Time:  29.84 , Lifetime:  55.74 , Best:  55.74
Tick:  294 , Time:  30.81 , Lifetime:  48.75 , Best:  55.74
Tick:  295 , Time:  30.60 , Lifetime:  51.73 , Best:  55.74
Tick:  296 , Time:  30.70 , Lifetime:  50.82 , Best:  55.74
Tick:  297 , Time:  31.89 , Lifetime:  53.10 , Best:  55.74
Tick:  298 , Time:  30.61 , Lifetime:  51.82 , Best:  55.74
Tick:  299 , Time:  31.20 , Lifetime:  50.36 , Best:  55.74
Tick:  300 , Time:  31.55 , Lifetime:  50.79 , Best:  55.74
Tick:  301 , Time:  29.83 , Lifetime:  52.77 , Best:  55.74
Tick:  302 , Time:  30.91 , Lifetime:  49.33 , Best:  55.74
Tick:  303 , Time:  30.50 , Lifetime:  52.14 , Best:  55.74
Tick:  304 , Time:  30.73 , Lifetime:  53.70 , Best:  55.74
Tick:  305 , Time:  29.34 , Lifetime:  53.43 , Best:  55.74
Tick:  306 , Time:  31.91 , Lifetime:  51.56 , Best:  55.74
Tick:  307 , Time:  32.52 , Lifetime:  51.96 , Best:  55.74
Tick:  308 , Time:  31.06 , Lifetime:  50.95 , Best:  55.74
Tick:  309 , Time:  31.62 , Lifetime:  51.20 , Best:  55.74
Tick:  310 , Time:  29.92 , Lifetime:  50.98 , Best:  55.74
Tick:  311 , Time:  30.74 , Lifetime:  52.64 , Best:  55.74
Tick:  312 , Time:  30.30 , Lifetime:  52.93 , Best:  55.74
Tick:  313 , Time:  30.85 , Lifetime:  48.92 , Best:  55.74
Tick:  314 , Time:  30.19 , Lifetime:  50.60 , Best:  55.74
Tick:  315 , Time:  30.31 , Lifetime:  49.29 , Best:  55.74
Tick:  316 , Time:  31.21 , Lifetime:  51.30 , Best:  55.74
Tick:  317 , Time:  30.59 , Lifetime:  50.49 , Best:  55.74
Tick:  318 , Time:  30.47 , Lifetime:  50.98 , Best:  55.74
Tick:  319 , Time:  30.27 , Lifetime:  51.44 , Best:  55.74
Tick:  320 , Time:  31.43 , Lifetime:  49.84 , Best:  55.74
Clearing ray buffers...
Deleted 0 task keys from Redis.
Deleted 0 object info keys from Redis.
Deleted 0 object location keys from Redis.
Deleted 0 log files from Redis.
Deleted 0 event logs from Redis.
Done. Free time:  0.30497026443481445
Tick:  321 , Time:  30.82 , Lifetime:  51.21 , Best:  55.74
Tick:  322 , Time:  30.61 , Lifetime:  51.83 , Best:  55.74
Tick:  323 , Time:  31.42 , Lifetime:  48.89 , Best:  55.74
Tick:  324 , Time:  30.74 , Lifetime:  54.44 , Best:  55.74
Tick:  325 , Time:  30.89 , Lifetime:  51.95 , Best:  55.74
Tick:  326 , Time:  30.57 , Lifetime:  53.25 , Best:  55.74
Tick:  327 , Time:  30.57 , Lifetime:  52.68 , Best:  55.74
Tick:  328 , Time:  32.35 , Lifetime:  50.23 , Best:  55.74
Tick:  329 , Time:  31.59 , Lifetime:  52.28 , Best:  55.74
Tick:  330 , Time:  30.76 , Lifetime:  51.97 , Best:  55.74
Tick:  331 , Time:  31.37 , Lifetime:  49.19 , Best:  55.74
Tick:  332 , Time:  31.56 , Lifetime:  53.37 , Best:  55.74
Tick:  333 , Time:  30.28 , Lifetime:  55.07 , Best:  55.74
Tick:  334 , Time:  31.51 , Lifetime:  50.61 , Best:  55.74
Tick:  335 , Time:  31.83 , Lifetime:  52.39 , Best:  55.74
Tick:  336 , Time:  31.48 , Lifetime:  50.92 , Best:  55.74
Tick:  337 , Time:  33.00 , Lifetime:  53.55 , Best:  55.74
Tick:  338 , Time:  30.57 , Lifetime:  54.55 , Best:  55.74
Tick:  339 , Time:  32.26 , Lifetime:  52.88 , Best:  55.74
Tick:  340 , Time:  30.85 , Lifetime:  51.35 , Best:  55.74
Tick:  341 , Time:  31.65 , Lifetime:  52.15 , Best:  55.74
Tick:  342 , Time:  31.40 , Lifetime:  52.38 , Best:  55.74
Tick:  343 , Time:  30.46 , Lifetime:  54.51 , Best:  55.74
Tick:  344 , Time:  31.26 , Lifetime:  51.28 , Best:  55.74
Tick:  345 , Time:  31.69 , Lifetime:  50.96 , Best:  55.74
Tick:  346 , Time:  32.41 , Lifetime:  51.12 , Best:  55.74
Tick:  347 , Time:  31.45 , Lifetime:  52.15 , Best:  55.74
Tick:  348 , Time:  31.45 , Lifetime:  50.40 , Best:  55.74
Tick:  349 , Time:  31.56 , Lifetime:  49.96 , Best:  55.74
Tick:  350 , Time:  31.61 , Lifetime:  52.02 , Best:  55.74
Tick:  351 , Time:  31.34 , Lifetime:  51.81 , Best:  55.74
Tick:  352 , Time:  30.94 , Lifetime:  51.16 , Best:  55.74
Clearing ray buffers...
Deleted 0 task keys from Redis.
Deleted 0 object info keys from Redis.
Deleted 0 object location keys from Redis.
Deleted 0 log files from Redis.
Deleted 0 event logs from Redis.
Done. Free time:  0.34119343757629395
Tick:  353 , Time:  31.36 , Lifetime:  50.96 , Best:  55.74
Tick:  354 , Time:  31.35 , Lifetime:  49.04 , Best:  55.74
Tick:  355 , Time:  31.57 , Lifetime:  50.67 , Best:  55.74
Tick:  356 , Time:  31.84 , Lifetime:  51.34 , Best:  55.74
Tick:  357 , Time:  31.46 , Lifetime:  51.59 , Best:  55.74
Tick:  358 , Time:  31.13 , Lifetime:  50.10 , Best:  55.74
Tick:  359 , Time:  34.87 , Lifetime:  51.58 , Best:  55.74
Tick:  360 , Time:  30.71 , Lifetime:  50.91 , Best:  55.74
Tick:  361 , Time:  30.68 , Lifetime:  50.01 , Best:  55.74
Tick:  362 , Time:  31.52 , Lifetime:  48.83 , Best:  55.74
Tick:  363 , Time:  32.16 , Lifetime:  52.42 , Best:  55.74
Tick:  364 , Time:  31.48 , Lifetime:  49.49 , Best:  55.74
Tick:  365 , Time:  30.52 , Lifetime:  52.67 , Best:  55.74
Tick:  366 , Time:  31.79 , Lifetime:  52.35 , Best:  55.74
Tick:  367 , Time:  31.73 , Lifetime:  49.52 , Best:  55.74
Tick:  368 , Time:  31.62 , Lifetime:  51.39 , Best:  55.74
Tick:  369 , Time:  30.62 , Lifetime:  54.17 , Best:  55.74
Tick:  370 , Time:  30.65 , Lifetime:  52.45 , Best:  55.74
Tick:  371 , Time:  31.93 , Lifetime:  52.40 , Best:  55.74
Tick:  372 , Time:  32.30 , Lifetime:  53.75 , Best:  55.74
Tick:  373 , Time:  30.81 , Lifetime:  56.82 , Best:  56.82
Tick:  374 , Time:  30.58 , Lifetime:  51.92 , Best:  56.82
Tick:  375 , Time:  31.57 , Lifetime:  51.82 , Best:  56.82
Tick:  376 , Time:  31.73 , Lifetime:  52.64 , Best:  56.82
Tick:  377 , Time:  32.11 , Lifetime:  51.02 , Best:  56.82
Tick:  378 , Time:  32.26 , Lifetime:  50.60 , Best:  56.82
Tick:  379 , Time:  32.16 , Lifetime:  55.06 , Best:  56.82
Tick:  380 , Time:  30.60 , Lifetime:  50.62 , Best:  56.82
Tick:  381 , Time:  32.71 , Lifetime:  50.27 , Best:  56.82
Tick:  382 , Time:  31.18 , Lifetime:  52.75 , Best:  56.82
Tick:  383 , Time:  32.61 , Lifetime:  51.40 , Best:  56.82
Tick:  384 , Time:  32.20 , Lifetime:  52.77 , Best:  56.82
Clearing ray buffers...
Deleted 0 task keys from Redis.
Deleted 0 object info keys from Redis.
Deleted 0 object location keys from Redis.
Deleted 0 log files from Redis.
Deleted 0 event logs from Redis.
Done. Free time:  0.39402127265930176
Tick:  385 , Time:  30.91 , Lifetime:  52.51 , Best:  56.82
Tick:  386 , Time:  31.56 , Lifetime:  50.49 , Best:  56.82
Tick:  387 , Time:  33.18 , Lifetime:  51.39 , Best:  56.82
Tick:  388 , Time:  31.64 , Lifetime:  52.99 , Best:  56.82
Tick:  389 , Time:  31.51 , Lifetime:  51.59 , Best:  56.82
Tick:  390 , Time:  30.77 , Lifetime:  52.26 , Best:  56.82
Tick:  391 , Time:  31.65 , Lifetime:  48.81 , Best:  56.82
Tick:  392 , Time:  31.71 , Lifetime:  51.79 , Best:  56.82
Tick:  393 , Time:  32.23 , Lifetime:  50.99 , Best:  56.82
Tick:  394 , Time:  31.41 , Lifetime:  51.26 , Best:  56.82
Tick:  395 , Time:  31.53 , Lifetime:  53.18 , Best:  56.82
Tick:  396 , Time:  32.03 , Lifetime:  54.45 , Best:  56.82
Tick:  397 , Time:  31.33 , Lifetime:  51.99 , Best:  56.82
Tick:  398 , Time:  32.85 , Lifetime:  49.86 , Best:  56.82
Tick:  399 , Time:  30.96 , Lifetime:  53.09 , Best:  56.82
Tick:  400 , Time:  32.29 , Lifetime:  49.43 , Best:  56.82
Tick:  401 , Time:  31.51 , Lifetime:  51.85 , Best:  56.82
Tick:  402 , Time:  31.78 , Lifetime:  50.15 , Best:  56.82
Tick:  403 , Time:  30.83 , Lifetime:  51.46 , Best:  56.82
Tick:  404 , Time:  31.93 , Lifetime:  50.14 , Best:  56.82
Tick:  405 , Time:  32.32 , Lifetime:  51.91 , Best:  56.82
Tick:  406 , Time:  32.46 , Lifetime:  49.54 , Best:  56.82
Tick:  407 , Time:  32.41 , Lifetime:  53.51 , Best:  56.82
Tick:  408 , Time:  31.57 , Lifetime:  51.68 , Best:  56.82
Tick:  409 , Time:  31.26 , Lifetime:  53.27 , Best:  56.82
Tick:  410 , Time:  32.14 , Lifetime:  53.16 , Best:  56.82
Tick:  411 , Time:  32.27 , Lifetime:  50.66 , Best:  56.82
Tick:  412 , Time:  32.02 , Lifetime:  50.21 , Best:  56.82
Tick:  413 , Time:  31.58 , Lifetime:  50.33 , Best:  56.82
Tick:  414 , Time:  32.73 , Lifetime:  53.33 , Best:  56.82
Tick:  415 , Time:  30.68 , Lifetime:  55.21 , Best:  56.82
Tick:  416 , Time:  31.83 , Lifetime:  51.72 , Best:  56.82
Clearing ray buffers...
Deleted 0 task keys from Redis.
Deleted 0 object info keys from Redis.
Deleted 0 object location keys from Redis.
Deleted 0 log files from Redis.
Deleted 0 event logs from Redis.
Done. Free time:  0.41573643684387207
Tick:  417 , Time:  31.97 , Lifetime:  52.83 , Best:  56.82
Tick:  418 , Time:  31.06 , Lifetime:  55.22 , Best:  56.82
Tick:  419 , Time:  32.00 , Lifetime:  50.15 , Best:  56.82
Tick:  420 , Time:  31.35 , Lifetime:  52.22 , Best:  56.82
Tick:  421 , Time:  31.41 , Lifetime:  50.65 , Best:  56.82
Tick:  422 , Time:  32.68 , Lifetime:  50.96 , Best:  56.82
Tick:  423 , Time:  30.11 , Lifetime:  58.09 , Best:  58.09
Tick:  424 , Time:  31.92 , Lifetime:  51.91 , Best:  58.09
Tick:  425 , Time:  30.81 , Lifetime:  56.27 , Best:  58.09
Tick:  426 , Time:  32.52 , Lifetime:  54.06 , Best:  58.09
Tick:  427 , Time:  32.27 , Lifetime:  51.31 , Best:  58.09
Tick:  428 , Time:  31.63 , Lifetime:  53.39 , Best:  58.09
Tick:  429 , Time:  31.90 , Lifetime:  55.21 , Best:  58.09
Tick:  430 , Time:  31.48 , Lifetime:  52.36 , Best:  58.09
Tick:  431 , Time:  31.66 , Lifetime:  53.92 , Best:  58.09
Tick:  432 , Time:  31.09 , Lifetime:  53.65 , Best:  58.09
Tick:  433 , Time:  31.10 , Lifetime:  53.73 , Best:  58.09
Tick:  434 , Time:  31.69 , Lifetime:  51.74 , Best:  58.09
Tick:  435 , Time:  30.61 , Lifetime:  56.24 , Best:  58.09
Tick:  436 , Time:  33.11 , Lifetime:  52.37 , Best:  58.09
Tick:  437 , Time:  32.18 , Lifetime:  54.08 , Best:  58.09
Tick:  438 , Time:  30.71 , Lifetime:  54.92 , Best:  58.09
Tick:  439 , Time:  31.91 , Lifetime:  53.76 , Best:  58.09
Tick:  440 , Time:  33.57 , Lifetime:  51.15 , Best:  58.09
Tick:  441 , Time:  31.41 , Lifetime:  54.65 , Best:  58.09
Tick:  442 , Time:  31.65 , Lifetime:  56.19 , Best:  58.09
Tick:  443 , Time:  31.69 , Lifetime:  54.84 , Best:  58.09
Tick:  444 , Time:  32.03 , Lifetime:  51.98 , Best:  58.09
Tick:  445 , Time:  31.72 , Lifetime:  55.72 , Best:  58.09
Tick:  446 , Time:  32.08 , Lifetime:  53.53 , Best:  58.09
Tick:  447 , Time:  31.29 , Lifetime:  53.95 , Best:  58.09
Tick:  448 , Time:  30.75 , Lifetime:  52.30 , Best:  58.09
Clearing ray buffers...
Deleted 0 task keys from Redis.
Deleted 0 object info keys from Redis.
Deleted 0 object location keys from Redis.
Deleted 0 log files from Redis.
Deleted 0 event logs from Redis.
Done. Free time:  0.4581160545349121
Tick:  449 , Time:  34.31 , Lifetime:  51.01 , Best:  58.09
Tick:  450 , Time:  31.73 , Lifetime:  54.49 , Best:  58.09
Tick:  451 , Time:  33.74 , Lifetime:  54.79 , Best:  58.09
Tick:  452 , Time:  30.74 , Lifetime:  56.10 , Best:  58.09
Tick:  453 , Time:  32.58 , Lifetime:  53.99 , Best:  58.09
Tick:  454 , Time:  30.72 , Lifetime:  52.00 , Best:  58.09
Tick:  455 , Time:  32.37 , Lifetime:  51.19 , Best:  58.09
Tick:  456 , Time:  32.04 , Lifetime:  55.69 , Best:  58.09
Tick:  457 , Time:  32.56 , Lifetime:  52.23 , Best:  58.09
Tick:  458 , Time:  31.56 , Lifetime:  53.44 , Best:  58.09
Tick:  459 , Time:  31.77 , Lifetime:  52.30 , Best:  58.09
Tick:  460 , Time:  31.65 , Lifetime:  51.52 , Best:  58.09
Tick:  461 , Time:  30.90 , Lifetime:  54.78 , Best:  58.09
Tick:  462 , Time:  32.18 , Lifetime:  51.94 , Best:  58.09
Tick:  463 , Time:  32.08 , Lifetime:  52.28 , Best:  58.09
Tick:  464 , Time:  32.52 , Lifetime:  53.56 , Best:  58.09
Tick:  465 , Time:  34.07 , Lifetime:  51.74 , Best:  58.09
Tick:  466 , Time:  33.02 , Lifetime:  52.77 , Best:  58.09
Tick:  467 , Time:  32.90 , Lifetime:  53.87 , Best:  58.09
Tick:  468 , Time:  31.79 , Lifetime:  56.27 , Best:  58.09
Tick:  469 , Time:  31.62 , Lifetime:  52.56 , Best:  58.09
Tick:  470 , Time:  31.65 , Lifetime:  53.82 , Best:  58.09
Tick:  471 , Time:  31.36 , Lifetime:  53.95 , Best:  58.09
Tick:  472 , Time:  33.03 , Lifetime:  50.52 , Best:  58.09
Tick:  473 , Time:  30.99 , Lifetime:  55.63 , Best:  58.09
Tick:  474 , Time:  32.07 , Lifetime:  53.0 , Best:  58.09
Tick:  475 , Time:  33.10 , Lifetime:  52.99 , Best:  58.09
Tick:  476 , Time:  31.47 , Lifetime:  52.05 , Best:  58.09
Tick:  477 , Time:  32.35 , Lifetime:  54.18 , Best:  58.09
Tick:  478 , Time:  32.82 , Lifetime:  52.49 , Best:  58.09
Tick:  479 , Time:  32.52 , Lifetime:  52.84 , Best:  58.09
Tick:  480 , Time:  32.28 , Lifetime:  54.98 , Best:  58.09
Clearing ray buffers...
Deleted 0 task keys from Redis.
Deleted 0 object info keys from Redis.
Deleted 0 object location keys from Redis.
Deleted 0 log files from Redis.
Deleted 0 event logs from Redis.
Done. Free time:  0.5098245143890381
Tick:  481 , Time:  32.16 , Lifetime:  52.65 , Best:  58.09
Tick:  482 , Time:  32.40 , Lifetime:  53.22 , Best:  58.09
Tick:  483 , Time:  31.82 , Lifetime:  53.46 , Best:  58.09
Tick:  484 , Time:  32.43 , Lifetime:  55.26 , Best:  58.09
Tick:  485 , Time:  34.14 , Lifetime:  57.48 , Best:  58.09
Tick:  486 , Time:  30.21 , Lifetime:  56.58 , Best:  58.09
Tick:  487 , Time:  30.06 , Lifetime:  54.22 , Best:  58.09
Tick:  488 , Time:  33.83 , Lifetime:  50.70 , Best:  58.09
Tick:  489 , Time:  35.29 , Lifetime:  48.96 , Best:  58.09
Tick:  490 , Time:  30.50 , Lifetime:  56.06 , Best:  58.09
Tick:  491 , Time:  32.61 , Lifetime:  51.75 , Best:  58.09
Tick:  492 , Time:  31.63 , Lifetime:  52.21 , Best:  58.09
Tick:  493 , Time:  32.28 , Lifetime:  57.25 , Best:  58.09
Tick:  494 , Time:  34.92 , Lifetime:  55.58 , Best:  58.09
Tick:  495 , Time:  31.24 , Lifetime:  51.75 , Best:  58.09
Tick:  496 , Time:  31.83 , Lifetime:  50.18 , Best:  58.09
Tick:  497 , Time:  33.28 , Lifetime:  56.24 , Best:  58.09
Tick:  498 , Time:  31.99 , Lifetime:  53.64 , Best:  58.09
Tick:  499 , Time:  30.97 , Lifetime:  54.84 , Best:  58.09
Tick:  500 , Time:  31.75 , Lifetime:  54.13 , Best:  58.09
Tick:  501 , Time:  32.03 , Lifetime:  53.17 , Best:  58.09
Tick:  502 , Time:  30.40 , Lifetime:  55.25 , Best:  58.09
Tick:  503 , Time:  32.81 , Lifetime:  52.35 , Best:  58.09
Tick:  504 , Time:  32.53 , Lifetime:  52.27 , Best:  58.09
Tick:  505 , Time:  31.55 , Lifetime:  51.53 , Best:  58.09
Tick:  506 , Time:  32.32 , Lifetime:  54.55 , Best:  58.09
Tick:  507 , Time:  31.70 , Lifetime:  55.77 , Best:  58.09
Tick:  508 , Time:  32.03 , Lifetime:  50.48 , Best:  58.09
Tick:  509 , Time:  31.18 , Lifetime:  57.76 , Best:  58.09
Tick:  510 , Time:  31.95 , Lifetime:  55.15 , Best:  58.09
Tick:  511 , Time:  30.88 , Lifetime:  52.54 , Best:  58.09
Tick:  512 , Time:  30.89 , Lifetime:  58.00 , Best:  58.09
Clearing ray buffers...
Deleted 0 task keys from Redis.
Deleted 0 object info keys from Redis.
Deleted 0 object location keys from Redis.
Deleted 0 log files from Redis.
Deleted 0 event logs from Redis.
Done. Free time:  0.4861025810241699
Tick:  513 , Time:  32.14 , Lifetime:  53.39 , Best:  58.09
Tick:  514 , Time:  32.79 , Lifetime:  54.05 , Best:  58.09
Tick:  515 , Time:  31.46 , Lifetime:  52.30 , Best:  58.09
Tick:  516 , Time:  33.13 , Lifetime:  56.08 , Best:  58.09
Tick:  517 , Time:  31.18 , Lifetime:  54.56 , Best:  58.09
Tick:  518 , Time:  30.59 , Lifetime:  54.80 , Best:  58.09
Tick:  519 , Time:  32.47 , Lifetime:  55.18 , Best:  58.09
Tick:  520 , Time:  31.58 , Lifetime:  55.40 , Best:  58.09
Tick:  521 , Time:  31.03 , Lifetime:  56.49 , Best:  58.09
Tick:  522 , Time:  32.43 , Lifetime:  52.31 , Best:  58.09
Tick:  523 , Time:  32.62 , Lifetime:  55.78 , Best:  58.09
Tick:  524 , Time:  32.87 , Lifetime:  52.34 , Best:  58.09
Tick:  525 , Time:  32.89 , Lifetime:  53.46 , Best:  58.09
Tick:  526 , Time:  32.31 , Lifetime:  55.30 , Best:  58.09
Tick:  527 , Time:  33.13 , Lifetime:  51.75 , Best:  58.09
Tick:  528 , Time:  32.06 , Lifetime:  54.91 , Best:  58.09
Tick:  529 , Time:  31.39 , Lifetime:  57.36 , Best:  58.09
Tick:  530 , Time:  31.19 , Lifetime:  55.97 , Best:  58.09
Tick:  531 , Time:  33.18 , Lifetime:  53.57 , Best:  58.09
Tick:  532 , Time:  32.74 , Lifetime:  54.10 , Best:  58.09
Tick:  533 , Time:  33.24 , Lifetime:  55.68 , Best:  58.09
Tick:  534 , Time:  31.86 , Lifetime:  54.00 , Best:  58.09
Tick:  535 , Time:  31.80 , Lifetime:  54.18 , Best:  58.09
Tick:  536 , Time:  32.58 , Lifetime:  53.40 , Best:  58.09
Tick:  537 , Time:  30.67 , Lifetime:  56.11 , Best:  58.09
Tick:  538 , Time:  33.54 , Lifetime:  52.93 , Best:  58.09
Tick:  539 , Time:  30.65 , Lifetime:  53.13 , Best:  58.09
Tick:  540 , Time:  32.59 , Lifetime:  50.05 , Best:  58.09
Tick:  541 , Time:  31.03 , Lifetime:  52.56 , Best:  58.09
Tick:  542 , Time:  31.52 , Lifetime:  50.73 , Best:  58.09
Tick:  543 , Time:  33.79 , Lifetime:  52.28 , Best:  58.09
Tick:  544 , Time:  31.20 , Lifetime:  54.12 , Best:  58.09
Clearing ray buffers...
Deleted 0 task keys from Redis.
Deleted 0 object info keys from Redis.
Deleted 0 object location keys from Redis.
Deleted 0 log files from Redis.
Deleted 0 event logs from Redis.
Done. Free time:  0.5388469696044922
Tick:  545 , Time:  32.58 , Lifetime:  52.29 , Best:  58.09
Tick:  546 , Time:  31.66 , Lifetime:  51.49 , Best:  58.09
Tick:  547 , Time:  31.86 , Lifetime:  51.75 , Best:  58.09
Tick:  548 , Time:  31.28 , Lifetime:  53.69 , Best:  58.09
Tick:  549 , Time:  31.49 , Lifetime:  50.34 , Best:  58.09
Tick:  550 , Time:  33.73 , Lifetime:  51.20 , Best:  58.09
Tick:  551 , Time:  31.92 , Lifetime:  54.25 , Best:  58.09
Tick:  552 , Time:  32.72 , Lifetime:  53.68 , Best:  58.09
Tick:  553 , Time:  33.21 , Lifetime:  51.57 , Best:  58.09
Tick:  554 , Time:  30.92 , Lifetime:  56.36 , Best:  58.09
Tick:  555 , Time:  31.79 , Lifetime:  52.21 , Best:  58.09
Tick:  556 , Time:  34.20 , Lifetime:  53.52 , Best:  58.09
Tick:  557 , Time:  31.12 , Lifetime:  57.16 , Best:  58.09
Tick:  558 , Time:  32.74 , Lifetime:  58.28 , Best:  58.28
Tick:  559 , Time:  31.69 , Lifetime:  55.56 , Best:  58.28
Tick:  560 , Time:  32.73 , Lifetime:  54.31 , Best:  58.28
Tick:  561 , Time:  31.83 , Lifetime:  56.15 , Best:  58.28
Tick:  562 , Time:  33.05 , Lifetime:  56.86 , Best:  58.28
Tick:  563 , Time:  32.18 , Lifetime:  53.20 , Best:  58.28
Tick:  564 , Time:  32.47 , Lifetime:  53.35 , Best:  58.28
Tick:  565 , Time:  33.64 , Lifetime:  53.77 , Best:  58.28
Tick:  566 , Time:  31.85 , Lifetime:  54.95 , Best:  58.28
Tick:  567 , Time:  31.29 , Lifetime:  55.18 , Best:  58.28
Tick:  568 , Time:  31.30 , Lifetime:  55.62 , Best:  58.28
Tick:  569 , Time:  31.60 , Lifetime:  52.03 , Best:  58.28
Tick:  570 , Time:  31.03 , Lifetime:  55.15 , Best:  58.28
Tick:  571 , Time:  31.73 , Lifetime:  51.81 , Best:  58.28
Tick:  572 , Time:  31.90 , Lifetime:  53.57 , Best:  58.28
Tick:  573 , Time:  30.65 , Lifetime:  53.51 , Best:  58.28
Tick:  574 , Time:  31.15 , Lifetime:  53.26 , Best:  58.28
Tick:  575 , Time:  30.60 , Lifetime:  55.28 , Best:  58.28
Tick:  576 , Time:  30.47 , Lifetime:  57.64 , Best:  58.28
Clearing ray buffers...
Deleted 0 task keys from Redis.
Deleted 0 object info keys from Redis.
Deleted 0 object location keys from Redis.
Deleted 0 log files from Redis.
Deleted 0 event logs from Redis.
Done. Free time:  0.5411231517791748
Tick:  577 , Time:  32.82 , Lifetime:  52.61 , Best:  58.28
Tick:  578 , Time:  33.13 , Lifetime:  54.40 , Best:  58.28
Tick:  579 , Time:  32.03 , Lifetime:  54.55 , Best:  58.28
Tick:  580 , Time:  31.45 , Lifetime:  52.96 , Best:  58.28
Tick:  581 , Time:  32.87 , Lifetime:  56.85 , Best:  58.28
Tick:  582 , Time:  32.28 , Lifetime:  57.02 , Best:  58.28
Tick:  583 , Time:  30.78 , Lifetime:  56.03 , Best:  58.28
Tick:  584 , Time:  29.67 , Lifetime:  58.37 , Best:  58.37
Tick:  585 , Time:  31.50 , Lifetime:  50.60 , Best:  58.37
Tick:  586 , Time:  32.46 , Lifetime:  53.71 , Best:  58.37
Tick:  587 , Time:  33.11 , Lifetime:  52.40 , Best:  58.37
Tick:  588 , Time:  31.58 , Lifetime:  52.69 , Best:  58.37
Tick:  589 , Time:  31.65 , Lifetime:  53.01 , Best:  58.37
Tick:  590 , Time:  31.33 , Lifetime:  51.50 , Best:  58.37
Tick:  591 , Time:  32.29 , Lifetime:  53.19 , Best:  58.37
Tick:  592 , Time:  31.24 , Lifetime:  55.74 , Best:  58.37
Tick:  593 , Time:  32.20 , Lifetime:  53.31 , Best:  58.37
Tick:  594 , Time:  31.35 , Lifetime:  54.50 , Best:  58.37
Tick:  595 , Time:  30.65 , Lifetime:  57.95 , Best:  58.37
Tick:  596 , Time:  32.79 , Lifetime:  54.49 , Best:  58.37
Tick:  597 , Time:  30.35 , Lifetime:  56.39 , Best:  58.37
Tick:  598 , Time:  31.21 , Lifetime:  54.50 , Best:  58.37
Tick:  599 , Time:  29.81 , Lifetime:  53.05 , Best:  58.37
Tick:  600 , Time:  32.09 , Lifetime:  53.14 , Best:  58.37
Tick:  601 , Time:  33.34 , Lifetime:  54.20 , Best:  58.37
Tick:  602 , Time:  32.01 , Lifetime:  59.55 , Best:  59.55
Tick:  603 , Time:  30.52 , Lifetime:  57.44 , Best:  59.55
Tick:  604 , Time:  32.59 , Lifetime:  53.82 , Best:  59.55
Tick:  605 , Time:  31.32 , Lifetime:  56.23 , Best:  59.55
Tick:  606 , Time:  32.66 , Lifetime:  57.59 , Best:  59.55
Tick:  607 , Time:  31.33 , Lifetime:  56.04 , Best:  59.55
Tick:  608 , Time:  31.02 , Lifetime:  58.97 , Best:  59.55
Clearing ray buffers...
Deleted 0 task keys from Redis.
Deleted 0 object info keys from Redis.
Deleted 0 object location keys from Redis.
Deleted 0 log files from Redis.
Deleted 0 event logs from Redis.
Done. Free time:  0.6145565509796143
Tick:  609 , Time:  31.22 , Lifetime:  57.24 , Best:  59.55
Tick:  610 , Time:  31.77 , Lifetime:  54.59 , Best:  59.55
Tick:  611 , Time:  31.50 , Lifetime:  56.37 , Best:  59.55
Tick:  612 , Time:  32.42 , Lifetime:  56.34 , Best:  59.55
Tick:  613 , Time:  30.81 , Lifetime:  56.75 , Best:  59.55
Tick:  614 , Time:  31.91 , Lifetime:  54.08 , Best:  59.55
Tick:  615 , Time:  31.36 , Lifetime:  54.21 , Best:  59.55
Tick:  616 , Time:  30.80 , Lifetime:  56.0 , Best:  59.55
Tick:  617 , Time:  31.64 , Lifetime:  55.11 , Best:  59.55
Tick:  618 , Time:  29.70 , Lifetime:  54.06 , Best:  59.55
Tick:  619 , Time:  32.40 , Lifetime:  50.43 , Best:  59.55
Tick:  620 , Time:  31.94 , Lifetime:  54.05 , Best:  59.55
Tick:  621 , Time:  31.41 , Lifetime:  54.41 , Best:  59.55
Tick:  622 , Time:  30.56 , Lifetime:  56.26 , Best:  59.55
Tick:  623 , Time:  31.58 , Lifetime:  55.83 , Best:  59.55
Tick:  624 , Time:  30.18 , Lifetime:  57.22 , Best:  59.55
Tick:  625 , Time:  30.93 , Lifetime:  54.84 , Best:  59.55
Tick:  626 , Time:  30.37 , Lifetime:  56.84 , Best:  59.55
Tick:  627 , Time:  31.05 , Lifetime:  54.95 , Best:  59.55
Tick:  628 , Time:  31.33 , Lifetime:  56.18 , Best:  59.55
Tick:  629 , Time:  31.59 , Lifetime:  57.83 , Best:  59.55
Tick:  630 , Time:  31.14 , Lifetime:  57.64 , Best:  59.55
Tick:  631 , Time:  33.18 , Lifetime:  54.60 , Best:  59.55
Tick:  632 , Time:  30.73 , Lifetime:  56.23 , Best:  59.55
Tick:  633 , Time:  32.76 , Lifetime:  52.92 , Best:  59.55
Tick:  634 , Time:  31.37 , Lifetime:  55.34 , Best:  59.55
Tick:  635 , Time:  31.86 , Lifetime:  53.07 , Best:  59.55
Tick:  636 , Time:  31.57 , Lifetime:  53.04 , Best:  59.55
Tick:  637 , Time:  32.03 , Lifetime:  53.98 , Best:  59.55
Tick:  638 , Time:  32.44 , Lifetime:  54.73 , Best:  59.55
Tick:  639 , Time:  31.60 , Lifetime:  55.59 , Best:  59.55
Tick:  640 , Time:  33.43 , Lifetime:  54.95 , Best:  59.55
Clearing ray buffers...
Deleted 0 task keys from Redis.
Deleted 0 object info keys from Redis.
Deleted 0 object location keys from Redis.
Deleted 0 log files from Redis.
Deleted 0 event logs from Redis.
Done. Free time:  0.6370077133178711
Tick:  641 , Time:  32.44 , Lifetime:  57.28 , Best:  59.55
Tick:  642 , Time:  33.40 , Lifetime:  54.50 , Best:  59.55
Tick:  643 , Time:  30.93 , Lifetime:  55.89 , Best:  59.55
Tick:  644 , Time:  31.66 , Lifetime:  52.24 , Best:  59.55
Tick:  645 , Time:  31.73 , Lifetime:  56.95 , Best:  59.55
Tick:  646 , Time:  30.83 , Lifetime:  57.94 , Best:  59.55
Tick:  647 , Time:  31.30 , Lifetime:  56.20 , Best:  59.55
Tick:  648 , Time:  31.30 , Lifetime:  58.19 , Best:  59.55
Tick:  649 , Time:  32.49 , Lifetime:  59.54 , Best:  59.55
Tick:  650 , Time:  30.95 , Lifetime:  58.41 , Best:  59.55
Tick:  651 , Time:  33.24 , Lifetime:  56.97 , Best:  59.55
Tick:  652 , Time:  31.73 , Lifetime:  57.50 , Best:  59.55
Tick:  653 , Time:  30.57 , Lifetime:  58.82 , Best:  59.55
Tick:  654 , Time:  30.56 , Lifetime:  60.12 , Best:  60.12
Tick:  655 , Time:  31.04 , Lifetime:  57.99 , Best:  60.12
Tick:  656 , Time:  30.80 , Lifetime:  54.57 , Best:  60.12
Tick:  657 , Time:  31.69 , Lifetime:  57.92 , Best:  60.12
Tick:  658 , Time:  31.74 , Lifetime:  55.93 , Best:  60.12
Tick:  659 , Time:  31.81 , Lifetime:  55.74 , Best:  60.12
Tick:  660 , Time:  31.68 , Lifetime:  57.07 , Best:  60.12
Tick:  661 , Time:  32.05 , Lifetime:  56.82 , Best:  60.12
Tick:  662 , Time:  32.80 , Lifetime:  58.48 , Best:  60.12
Tick:  663 , Time:  30.67 , Lifetime:  62.27 , Best:  62.27
Tick:  664 , Time:  32.31 , Lifetime:  58.67 , Best:  62.27
Tick:  665 , Time:  32.28 , Lifetime:  62.02 , Best:  62.27
Tick:  666 , Time:  31.58 , Lifetime:  58.90 , Best:  62.27
Tick:  667 , Time:  31.87 , Lifetime:  56.11 , Best:  62.27
Tick:  668 , Time:  31.07 , Lifetime:  59.67 , Best:  62.27
Tick:  669 , Time:  31.86 , Lifetime:  57.72 , Best:  62.27
Tick:  670 , Time:  30.12 , Lifetime:  59.61 , Best:  62.27
Tick:  671 , Time:  32.81 , Lifetime:  55.80 , Best:  62.27
Tick:  672 , Time:  31.36 , Lifetime:  56.83 , Best:  62.27
Clearing ray buffers...
Deleted 0 task keys from Redis.
Deleted 0 object info keys from Redis.
Deleted 0 object location keys from Redis.
Deleted 0 log files from Redis.
Deleted 0 event logs from Redis.
Done. Free time:  0.6604406833648682
Tick:  673 , Time:  34.38 , Lifetime:  59.83 , Best:  62.27
Tick:  674 , Time:  32.74 , Lifetime:  55.73 , Best:  62.27
Tick:  675 , Time:  31.17 , Lifetime:  60.90 , Best:  62.27
Tick:  676 , Time:  30.81 , Lifetime:  56.83 , Best:  62.27
Tick:  677 , Time:  30.54 , Lifetime:  57.09 , Best:  62.27
Tick:  678 , Time:  31.80 , Lifetime:  53.89 , Best:  62.27
Tick:  679 , Time:  32.31 , Lifetime:  57.21 , Best:  62.27
Tick:  680 , Time:  31.54 , Lifetime:  57.70 , Best:  62.27
Tick:  681 , Time:  33.15 , Lifetime:  57.89 , Best:  62.27
Tick:  682 , Time:  31.09 , Lifetime:  62.22 , Best:  62.27
Tick:  683 , Time:  31.23 , Lifetime:  56.65 , Best:  62.27
Tick:  684 , Time:  31.41 , Lifetime:  56.22 , Best:  62.27
Tick:  685 , Time:  30.62 , Lifetime:  59.79 , Best:  62.27
Tick:  686 , Time:  32.71 , Lifetime:  56.76 , Best:  62.27
Tick:  687 , Time:  31.58 , Lifetime:  58.02 , Best:  62.27
Tick:  688 , Time:  32.05 , Lifetime:  58.80 , Best:  62.27
Tick:  689 , Time:  32.68 , Lifetime:  56.13 , Best:  62.27
Tick:  690 , Time:  30.66 , Lifetime:  56.08 , Best:  62.27
Tick:  691 , Time:  31.75 , Lifetime:  54.81 , Best:  62.27
Tick:  692 , Time:  32.35 , Lifetime:  56.82 , Best:  62.27
Tick:  693 , Time:  31.06 , Lifetime:  59.37 , Best:  62.27
Tick:  694 , Time:  31.54 , Lifetime:  58.48 , Best:  62.27
Tick:  695 , Time:  30.63 , Lifetime:  60.14 , Best:  62.27
Tick:  696 , Time:  32.63 , Lifetime:  54.55 , Best:  62.27
Tick:  697 , Time:  30.62 , Lifetime:  59.41 , Best:  62.27
Tick:  698 , Time:  30.69 , Lifetime:  59.25 , Best:  62.27
Tick:  699 , Time:  32.49 , Lifetime:  55.76 , Best:  62.27
Tick:  700 , Time:  30.89 , Lifetime:  59.00 , Best:  62.27
Tick:  701 , Time:  32.98 , Lifetime:  56.69 , Best:  62.27
Tick:  702 , Time:  31.63 , Lifetime:  50.93 , Best:  62.27
Tick:  703 , Time:  30.99 , Lifetime:  58.80 , Best:  62.27
Tick:  704 , Time:  32.55 , Lifetime:  53.58 , Best:  62.27
Clearing ray buffers...
Deleted 0 task keys from Redis.
Deleted 0 object info keys from Redis.
Deleted 0 object location keys from Redis.
Deleted 0 log files from Redis.
Deleted 0 event logs from Redis.
Done. Free time:  0.6674849987030029
Tick:  705 , Time:  32.51 , Lifetime:  55.98 , Best:  62.27
Tick:  706 , Time:  30.77 , Lifetime:  58.09 , Best:  62.27
Tick:  707 , Time:  31.05 , Lifetime:  56.05 , Best:  62.27
Tick:  708 , Time:  31.70 , Lifetime:  57.50 , Best:  62.27
Tick:  709 , Time:  30.98 , Lifetime:  58.72 , Best:  62.27
Tick:  710 , Time:  30.79 , Lifetime:  58.54 , Best:  62.27
Tick:  711 , Time:  32.00 , Lifetime:  55.87 , Best:  62.27
Tick:  712 , Time:  30.07 , Lifetime:  59.86 , Best:  62.27
Tick:  713 , Time:  32.25 , Lifetime:  57.28 , Best:  62.27
Tick:  714 , Time:  31.76 , Lifetime:  57.58 , Best:  62.27
Tick:  715 , Time:  32.57 , Lifetime:  57.29 , Best:  62.27
Tick:  716 , Time:  31.59 , Lifetime:  58.14 , Best:  62.27
Tick:  717 , Time:  30.46 , Lifetime:  58.15 , Best:  62.27
Tick:  718 , Time:  32.89 , Lifetime:  54.28 , Best:  62.27
Tick:  719 , Time:  31.13 , Lifetime:  57.87 , Best:  62.27
Tick:  720 , Time:  30.93 , Lifetime:  56.36 , Best:  62.27
Tick:  721 , Time:  31.19 , Lifetime:  57.07 , Best:  62.27
Tick:  722 , Time:  31.56 , Lifetime:  58.27 , Best:  62.27
Tick:  723 , Time:  31.59 , Lifetime:  57.25 , Best:  62.27
Tick:  724 , Time:  30.36 , Lifetime:  62.15 , Best:  62.27
Tick:  725 , Time:  32.18 , Lifetime:  59.44 , Best:  62.27
Tick:  726 , Time:  32.35 , Lifetime:  62.94 , Best:  62.94
Tick:  727 , Time:  33.26 , Lifetime:  59.00 , Best:  62.94
Tick:  728 , Time:  31.95 , Lifetime:  62.47 , Best:  62.94
Tick:  729 , Time:  33.93 , Lifetime:  57.40 , Best:  62.94
Tick:  730 , Time:  32.01 , Lifetime:  56.71 , Best:  62.94
Tick:  731 , Time:  30.57 , Lifetime:  60.91 , Best:  62.94
Tick:  732 , Time:  32.27 , Lifetime:  57.54 , Best:  62.94
Tick:  733 , Time:  31.32 , Lifetime:  58.87 , Best:  62.94
Tick:  734 , Time:  30.61 , Lifetime:  57.03 , Best:  62.94
Tick:  735 , Time:  32.30 , Lifetime:  57.57 , Best:  62.94
Tick:  736 , Time:  31.22 , Lifetime:  60.33 , Best:  62.94
Clearing ray buffers...
Deleted 0 task keys from Redis.
Deleted 0 object info keys from Redis.
Deleted 0 object location keys from Redis.
Deleted 0 log files from Redis.
Deleted 0 event logs from Redis.
Done. Free time:  0.7222814559936523
Tick:  737 , Time:  32.61 , Lifetime:  58.78 , Best:  62.94
Tick:  738 , Time:  31.31 , Lifetime:  57.94 , Best:  62.94
Tick:  739 , Time:  31.35 , Lifetime:  62.95 , Best:  62.95
Tick:  740 , Time:  31.64 , Lifetime:  57.58 , Best:  62.95
Tick:  741 , Time:  31.42 , Lifetime:  56.14 , Best:  62.95
Tick:  742 , Time:  30.47 , Lifetime:  57.62 , Best:  62.95
Tick:  743 , Time:  31.76 , Lifetime:  58.46 , Best:  62.95
Tick:  744 , Time:  32.64 , Lifetime:  53.61 , Best:  62.95
Tick:  745 , Time:  32.34 , Lifetime:  58.14 , Best:  62.95
Tick:  746 , Time:  33.37 , Lifetime:  59.08 , Best:  62.95
Tick:  747 , Time:  32.02 , Lifetime:  59.04 , Best:  62.95
Tick:  748 , Time:  33.89 , Lifetime:  56.27 , Best:  62.95
Tick:  749 , Time:  30.89 , Lifetime:  57.91 , Best:  62.95
Tick:  750 , Time:  30.88 , Lifetime:  56.88 , Best:  62.95
Tick:  751 , Time:  32.71 , Lifetime:  56.12 , Best:  62.95
Tick:  752 , Time:  31.10 , Lifetime:  59.27 , Best:  62.95
Tick:  753 , Time:  30.72 , Lifetime:  56.66 , Best:  62.95
Tick:  754 , Time:  31.88 , Lifetime:  56.17 , Best:  62.95
Tick:  755 , Time:  32.07 , Lifetime:  56.57 , Best:  62.95
Tick:  756 , Time:  31.05 , Lifetime:  59.12 , Best:  62.95
Tick:  757 , Time:  29.72 , Lifetime:  61.65 , Best:  62.95
Tick:  758 , Time:  32.05 , Lifetime:  54.22 , Best:  62.95
Tick:  759 , Time:  30.71 , Lifetime:  58.74 , Best:  62.95
Tick:  760 , Time:  32.79 , Lifetime:  55.81 , Best:  62.95
Tick:  761 , Time:  30.70 , Lifetime:  54.83 , Best:  62.95
Tick:  762 , Time:  32.74 , Lifetime:  57.47 , Best:  62.95
Tick:  763 , Time:  30.28 , Lifetime:  59.67 , Best:  62.95
Tick:  764 , Time:  31.82 , Lifetime:  59.12 , Best:  62.95
Tick:  765 , Time:  31.58 , Lifetime:  58.73 , Best:  62.95
Tick:  766 , Time:  32.30 , Lifetime:  56.77 , Best:  62.95
Tick:  767 , Time:  31.26 , Lifetime:  56.97 , Best:  62.95
Tick:  768 , Time:  30.01 , Lifetime:  58.45 , Best:  62.95
Clearing ray buffers...
Deleted 0 task keys from Redis.
Deleted 0 object info keys from Redis.
Deleted 0 object location keys from Redis.
Deleted 0 log files from Redis.
Deleted 0 event logs from Redis.
Done. Free time:  0.7480061054229736
Tick:  769 , Time:  34.38 , Lifetime:  54.97 , Best:  62.95
Tick:  770 , Time:  32.07 , Lifetime:  59.80 , Best:  62.95
Tick:  771 , Time:  30.48 , Lifetime:  60.01 , Best:  62.95
Tick:  772 , Time:  31.74 , Lifetime:  58.34 , Best:  62.95
Tick:  773 , Time:  30.57 , Lifetime:  58.73 , Best:  62.95
Tick:  774 , Time:  30.59 , Lifetime:  58.17 , Best:  62.95
Tick:  775 , Time:  31.56 , Lifetime:  58.64 , Best:  62.95
Tick:  776 , Time:  30.86 , Lifetime:  61.18 , Best:  62.95
Tick:  777 , Time:  32.37 , Lifetime:  55.89 , Best:  62.95
Tick:  778 , Time:  30.29 , Lifetime:  57.12 , Best:  62.95
Tick:  779 , Time:  31.17 , Lifetime:  57.13 , Best:  62.95
Tick:  780 , Time:  35.86 , Lifetime:  54.31 , Best:  62.95
Tick:  781 , Time:  30.80 , Lifetime:  64.20 , Best:  64.20
Tick:  782 , Time:  30.71 , Lifetime:  59.38 , Best:  64.20
Tick:  783 , Time:  30.60 , Lifetime:  58.03 , Best:  64.20
Tick:  784 , Time:  32.33 , Lifetime:  62.36 , Best:  64.20
Tick:  785 , Time:  31.44 , Lifetime:  58.40 , Best:  64.20
Tick:  786 , Time:  31.73 , Lifetime:  55.24 , Best:  64.20
Tick:  787 , Time:  31.65 , Lifetime:  59.54 , Best:  64.20
Tick:  788 , Time:  31.02 , Lifetime:  58.36 , Best:  64.20
Tick:  789 , Time:  32.08 , Lifetime:  58.17 , Best:  64.20
Tick:  790 , Time:  31.72 , Lifetime:  59.84 , Best:  64.20
Tick:  791 , Time:  32.48 , Lifetime:  58.48 , Best:  64.20
Tick:  792 , Time:  31.16 , Lifetime:  55.82 , Best:  64.20
Tick:  793 , Time:  30.62 , Lifetime:  58.18 , Best:  64.20
Tick:  794 , Time:  31.97 , Lifetime:  57.12 , Best:  64.20
Tick:  795 , Time:  31.60 , Lifetime:  58.38 , Best:  64.20
Tick:  796 , Time:  29.60 , Lifetime:  57.41 , Best:  64.20
Tick:  797 , Time:  31.07 , Lifetime:  54.09 , Best:  64.20
Tick:  798 , Time:  30.62 , Lifetime:  56.40 , Best:  64.20
Tick:  799 , Time:  33.59 , Lifetime:  55.16 , Best:  64.20
Tick:  800 , Time:  31.67 , Lifetime:  57.52 , Best:  64.20
Clearing ray buffers...
Deleted 0 task keys from Redis.
Deleted 0 object info keys from Redis.
Deleted 0 object location keys from Redis.
Deleted 0 log files from Redis.
Deleted 0 event logs from Redis.
Done. Free time:  0.7823553085327148
Tick:  801 , Time:  31.35 , Lifetime:  58.21 , Best:  64.20
Tick:  802 , Time:  31.49 , Lifetime:  60.03 , Best:  64.20
Tick:  803 , Time:  31.73 , Lifetime:  55.80 , Best:  64.20
Tick:  804 , Time:  30.86 , Lifetime:  59.02 , Best:  64.20
Tick:  805 , Time:  32.08 , Lifetime:  54.15 , Best:  64.20
Tick:  806 , Time:  31.78 , Lifetime:  55.74 , Best:  64.20
Tick:  807 , Time:  30.81 , Lifetime:  54.69 , Best:  64.20
Tick:  808 , Time:  30.12 , Lifetime:  56.27 , Best:  64.20
Tick:  809 , Time:  34.44 , Lifetime:  52.54 , Best:  64.20
Tick:  810 , Time:  32.01 , Lifetime:  53.85 , Best:  64.20
Tick:  811 , Time:  31.60 , Lifetime:  55.95 , Best:  64.20
Tick:  812 , Time:  31.42 , Lifetime:  56.23 , Best:  64.20
Tick:  813 , Time:  31.98 , Lifetime:  59.64 , Best:  64.20
Tick:  814 , Time:  31.56 , Lifetime:  59.67 , Best:  64.20
Tick:  815 , Time:  32.28 , Lifetime:  59.02 , Best:  64.20
Tick:  816 , Time:  32.39 , Lifetime:  63.07 , Best:  64.20
Tick:  817 , Time:  30.84 , Lifetime:  59.88 , Best:  64.20
Tick:  818 , Time:  32.26 , Lifetime:  57.93 , Best:  64.20
Tick:  819 , Time:  33.29 , Lifetime:  58.23 , Best:  64.20
Tick:  820 , Time:  32.04 , Lifetime:  55.51 , Best:  64.20
Tick:  821 , Time:  31.56 , Lifetime:  56.12 , Best:  64.20
Tick:  822 , Time:  32.56 , Lifetime:  57.10 , Best:  64.20
Tick:  823 , Time:  30.81 , Lifetime:  62.41 , Best:  64.20
Tick:  824 , Time:  30.77 , Lifetime:  59.97 , Best:  64.20
Tick:  825 , Time:  31.42 , Lifetime:  57.19 , Best:  64.20
Tick:  826 , Time:  31.58 , Lifetime:  55.81 , Best:  64.20
Tick:  827 , Time:  31.08 , Lifetime:  58.05 , Best:  64.20
Tick:  828 , Time:  32.67 , Lifetime:  55.76 , Best:  64.20
Tick:  829 , Time:  32.32 , Lifetime:  56.83 , Best:  64.20
Tick:  830 , Time:  32.29 , Lifetime:  54.84 , Best:  64.20
Tick:  831 , Time:  30.55 , Lifetime:  58.46 , Best:  64.20
Tick:  832 , Time:  32.55 , Lifetime:  56.02 , Best:  64.20
Clearing ray buffers...
Deleted 0 task keys from Redis.
Deleted 0 object info keys from Redis.
Deleted 0 object location keys from Redis.
Deleted 0 log files from Redis.
Deleted 0 event logs from Redis.
Done. Free time:  0.8168551921844482
Tick:  833 , Time:  31.50 , Lifetime:  59.40 , Best:  64.20
Tick:  834 , Time:  30.56 , Lifetime:  57.67 , Best:  64.20
Tick:  835 , Time:  32.58 , Lifetime:  60.14 , Best:  64.20
Tick:  836 , Time:  31.78 , Lifetime:  62.04 , Best:  64.20
Tick:  837 , Time:  32.91 , Lifetime:  58.82 , Best:  64.20
Tick:  838 , Time:  32.17 , Lifetime:  57.16 , Best:  64.20
Tick:  839 , Time:  31.94 , Lifetime:  58.60 , Best:  64.20
Tick:  840 , Time:  31.20 , Lifetime:  61.43 , Best:  64.20
Tick:  841 , Time:  31.35 , Lifetime:  59.13 , Best:  64.20
Tick:  842 , Time:  30.69 , Lifetime:  57.34 , Best:  64.20
Tick:  843 , Time:  31.32 , Lifetime:  55.89 , Best:  64.20
Tick:  844 , Time:  30.36 , Lifetime:  60.85 , Best:  64.20
Tick:  845 , Time:  31.72 , Lifetime:  55.96 , Best:  64.20
Tick:  846 , Time:  31.66 , Lifetime:  57.72 , Best:  64.20
Tick:  847 , Time:  31.06 , Lifetime:  58.38 , Best:  64.20
Tick:  848 , Time:  31.62 , Lifetime:  53.44 , Best:  64.20
Tick:  849 , Time:  32.76 , Lifetime:  57.04 , Best:  64.20
Tick:  850 , Time:  31.64 , Lifetime:  60.77 , Best:  64.20
Tick:  851 , Time:  32.50 , Lifetime:  54.84 , Best:  64.20
Tick:  852 , Time:  31.06 , Lifetime:  58.59 , Best:  64.20
Tick:  853 , Time:  33.52 , Lifetime:  57.95 , Best:  64.20
Tick:  854 , Time:  30.41 , Lifetime:  64.43 , Best:  64.43
Tick:  855 , Time:  30.96 , Lifetime:  58.27 , Best:  64.43
Tick:  856 , Time:  30.86 , Lifetime:  60.83 , Best:  64.43
Tick:  857 , Time:  32.61 , Lifetime:  59.43 , Best:  64.43
Tick:  858 , Time:  32.75 , Lifetime:  56.66 , Best:  64.43
Tick:  859 , Time:  31.92 , Lifetime:  59.69 , Best:  64.43
Tick:  860 , Time:  30.74 , Lifetime:  57.50 , Best:  64.43
Tick:  861 , Time:  30.93 , Lifetime:  58.39 , Best:  64.43
Tick:  862 , Time:  31.69 , Lifetime:  57.69 , Best:  64.43
Tick:  863 , Time:  32.07 , Lifetime:  59.26 , Best:  64.43
Tick:  864 , Time:  32.11 , Lifetime:  56.89 , Best:  64.43
Clearing ray buffers...
Deleted 0 task keys from Redis.
Deleted 0 object info keys from Redis.
Deleted 0 object location keys from Redis.
Deleted 0 log files from Redis.
Deleted 0 event logs from Redis.
Done. Free time:  0.9049420356750488
Tick:  865 , Time:  31.85 , Lifetime:  56.79 , Best:  64.43
Tick:  866 , Time:  32.22 , Lifetime:  58.11 , Best:  64.43
Tick:  867 , Time:  31.76 , Lifetime:  59.07 , Best:  64.43
Tick:  868 , Time:  31.67 , Lifetime:  59.87 , Best:  64.43
Tick:  869 , Time:  32.04 , Lifetime:  55.61 , Best:  64.43
Tick:  870 , Time:  32.47 , Lifetime:  56.70 , Best:  64.43
Tick:  871 , Time:  32.16 , Lifetime:  59.65 , Best:  64.43
Tick:  872 , Time:  32.78 , Lifetime:  58.09 , Best:  64.43
Tick:  873 , Time:  31.82 , Lifetime:  65.01 , Best:  65.01
Tick:  874 , Time:  30.59 , Lifetime:  62.86 , Best:  65.01
Tick:  875 , Time:  32.11 , Lifetime:  57.78 , Best:  65.01
Tick:  876 , Time:  34.16 , Lifetime:  54.69 , Best:  65.01
Tick:  877 , Time:  32.02 , Lifetime:  61.44 , Best:  65.01
Tick:  878 , Time:  31.62 , Lifetime:  60.69 , Best:  65.01
Tick:  879 , Time:  31.70 , Lifetime:  59.02 , Best:  65.01
Tick:  880 , Time:  31.30 , Lifetime:  56.02 , Best:  65.01
Tick:  881 , Time:  30.63 , Lifetime:  60.96 , Best:  65.01
Tick:  882 , Time:  30.68 , Lifetime:  55.85 , Best:  65.01
Tick:  883 , Time:  31.60 , Lifetime:  57.84 , Best:  65.01
Tick:  884 , Time:  32.61 , Lifetime:  56.38 , Best:  65.01
Tick:  885 , Time:  30.61 , Lifetime:  58.14 , Best:  65.01
Tick:  886 , Time:  31.72 , Lifetime:  58.27 , Best:  65.01
Tick:  887 , Time:  30.11 , Lifetime:  60.73 , Best:  65.01
Tick:  888 , Time:  33.44 , Lifetime:  57.99 , Best:  65.01
Tick:  889 , Time:  31.56 , Lifetime:  56.51 , Best:  65.01
Tick:  890 , Time:  33.44 , Lifetime:  53.65 , Best:  65.01
Tick:  891 , Time:  31.50 , Lifetime:  56.63 , Best:  65.01
Tick:  892 , Time:  30.64 , Lifetime:  59.71 , Best:  65.01
Tick:  893 , Time:  31.67 , Lifetime:  58.75 , Best:  65.01
Tick:  894 , Time:  31.71 , Lifetime:  56.13 , Best:  65.01
Tick:  895 , Time:  31.89 , Lifetime:  58.62 , Best:  65.01
Tick:  896 , Time:  32.72 , Lifetime:  55.73 , Best:  65.01
Clearing ray buffers...
Deleted 0 task keys from Redis.
Deleted 0 object info keys from Redis.
Deleted 0 object location keys from Redis.
Deleted 0 log files from Redis.
Deleted 0 event logs from Redis.
Done. Free time:  0.8601312637329102
Tick:  897 , Time:  33.00 , Lifetime:  59.74 , Best:  65.01
Tick:  898 , Time:  32.80 , Lifetime:  57.47 , Best:  65.01
Tick:  899 , Time:  31.52 , Lifetime:  54.86 , Best:  65.01
Tick:  900 , Time:  31.82 , Lifetime:  59.94 , Best:  65.01
Tick:  901 , Time:  31.11 , Lifetime:  61.08 , Best:  65.01
Tick:  902 , Time:  31.40 , Lifetime:  56.38 , Best:  65.01
Tick:  903 , Time:  31.44 , Lifetime:  57.14 , Best:  65.01
Tick:  904 , Time:  31.74 , Lifetime:  58.54 , Best:  65.01
Tick:  905 , Time:  32.67 , Lifetime:  56.17 , Best:  65.01
Tick:  906 , Time:  32.84 , Lifetime:  60.94 , Best:  65.01
Tick:  907 , Time:  32.71 , Lifetime:  58.52 , Best:  65.01
Tick:  908 , Time:  31.34 , Lifetime:  57.49 , Best:  65.01
Tick:  909 , Time:  32.13 , Lifetime:  57.02 , Best:  65.01
Tick:  910 , Time:  32.05 , Lifetime:  62.45 , Best:  65.01
Tick:  911 , Time:  31.57 , Lifetime:  59.31 , Best:  65.01
Tick:  912 , Time:  32.08 , Lifetime:  67.23 , Best:  67.23
Tick:  913 , Time:  31.32 , Lifetime:  56.35 , Best:  67.23
Tick:  914 , Time:  30.15 , Lifetime:  64.33 , Best:  67.23
Tick:  915 , Time:  30.58 , Lifetime:  62.93 , Best:  67.23
Tick:  916 , Time:  33.84 , Lifetime:  56.53 , Best:  67.23
Tick:  917 , Time:  31.70 , Lifetime:  63.14 , Best:  67.23
Tick:  918 , Time:  32.46 , Lifetime:  58.93 , Best:  67.23
Tick:  919 , Time:  32.81 , Lifetime:  60.51 , Best:  67.23
Tick:  920 , Time:  31.18 , Lifetime:  67.45 , Best:  67.45
Tick:  921 , Time:  32.66 , Lifetime:  57.31 , Best:  67.45
Tick:  922 , Time:  30.08 , Lifetime:  61.92 , Best:  67.45
Tick:  923 , Time:  33.35 , Lifetime:  58.84 , Best:  67.45
Tick:  924 , Time:  30.29 , Lifetime:  60.08 , Best:  67.45
Tick:  925 , Time:  31.81 , Lifetime:  57.25 , Best:  67.45
Tick:  926 , Time:  30.73 , Lifetime:  58.70 , Best:  67.45
Tick:  927 , Time:  33.37 , Lifetime:  58.64 , Best:  67.45
Tick:  928 , Time:  31.76 , Lifetime:  60.5 , Best:  67.45
Clearing ray buffers...
Deleted 0 task keys from Redis.
Deleted 0 object info keys from Redis.
Deleted 0 object location keys from Redis.
Deleted 0 log files from Redis.
Deleted 0 event logs from Redis.
Done. Free time:  0.8880903720855713
Tick:  929 , Time:  35.61 , Lifetime:  56.76 , Best:  67.45
Tick:  930 , Time:  30.69 , Lifetime:  68.57 , Best:  68.57
Tick:  931 , Time:  31.71 , Lifetime:  65.32 , Best:  68.57
Tick:  932 , Time:  31.08 , Lifetime:  59.10 , Best:  68.57
Tick:  933 , Time:  32.32 , Lifetime:  60.18 , Best:  68.57
Tick:  934 , Time:  32.79 , Lifetime:  60.11 , Best:  68.57
Tick:  935 , Time:  31.51 , Lifetime:  59.44 , Best:  68.57
Tick:  936 , Time:  30.65 , Lifetime:  60.01 , Best:  68.57
Tick:  937 , Time:  31.74 , Lifetime:  59.94 , Best:  68.57
Tick:  938 , Time:  32.67 , Lifetime:  59.15 , Best:  68.57
Tick:  939 , Time:  31.26 , Lifetime:  66.45 , Best:  68.57
Tick:  940 , Time:  32.23 , Lifetime:  58.14 , Best:  68.57
Tick:  941 , Time:  32.48 , Lifetime:  58.62 , Best:  68.57
Tick:  942 , Time:  32.17 , Lifetime:  59.17 , Best:  68.57
Tick:  943 , Time:  32.99 , Lifetime:  58.08 , Best:  68.57
Tick:  944 , Time:  31.35 , Lifetime:  56.10 , Best:  68.57
Tick:  945 , Time:  32.61 , Lifetime:  57.47 , Best:  68.57
Tick:  946 , Time:  30.66 , Lifetime:  64.41 , Best:  68.57
Tick:  947 , Time:  33.05 , Lifetime:  59.43 , Best:  68.57
Tick:  948 , Time:  31.57 , Lifetime:  57.94 , Best:  68.57
Tick:  949 , Time:  33.47 , Lifetime:  59.94 , Best:  68.57
Tick:  950 , Time:  31.96 , Lifetime:  60.73 , Best:  68.57
Tick:  951 , Time:  32.72 , Lifetime:  59.95 , Best:  68.57
Tick:  952 , Time:  30.39 , Lifetime:  60.82 , Best:  68.57
Tick:  953 , Time:  31.73 , Lifetime:  55.28 , Best:  68.57
Tick:  954 , Time:  32.22 , Lifetime:  60.91 , Best:  68.57
Tick:  955 , Time:  31.60 , Lifetime:  57.18 , Best:  68.57
Tick:  956 , Time:  31.50 , Lifetime:  58.90 , Best:  68.57
Tick:  957 , Time:  31.49 , Lifetime:  57.87 , Best:  68.57
Tick:  958 , Time:  30.15 , Lifetime: 